===== Job started at Tue May 13 08:01:18 EDT 2025 =====
Running: uv run utils/scholarly_data_fetcher.py
2025-05-13 08:01:19,348 - INFO - Searching for author: Pouria Rouzrokh
2025-05-13 08:01:19,348 - INFO - Getting https://scholar.google.com/citations?hl=en&view_op=search_authors&mauthors=Pouria%20Rouzrokh
2025-05-13 08:01:21,952 - INFO - HTTP Request: GET https://scholar.google.com/citations?hl=en&view_op=search_authors&mauthors=Pouria%20Rouzrokh "HTTP/1.1 302 Found"
2025-05-13 08:01:22,509 - INFO - HTTP Request: GET https://accounts.google.com/Login?hl=en&continue=https://scholar.google.com/citations%3Fhl%3Den%26view_op%3Dsearch_authors%26mauthors%3DPouria%2520Rouzrokh&service=citations "HTTP/1.1 302 Found"
2025-05-13 08:01:22,719 - INFO - HTTP Request: GET https://accounts.google.com/InteractiveLogin?continue=https://scholar.google.com/citations?hl%3Den%26view_op%3Dsearch_authors%26mauthors%3DPouria%2520Rouzrokh&hl=en&service=citations&ifkv=ASKV5Mg2sDfhy_K3emwdtLzcx1BFsCpMHItodhU6Oh3NhXe1L0JkCYYZGFEPtRIt4IV_Y8EmRgOuOw "HTTP/1.1 302 Moved Temporarily"
2025-05-13 08:01:22,804 - INFO - HTTP Request: GET https://accounts.google.com/v3/signin/identifier?continue=https%3A%2F%2Fscholar.google.com%2Fcitations%3Fhl%3Den%26view_op%3Dsearch_authors%26mauthors%3DPouria%2520Rouzrokh&hl=en&ifkv=ASKV5MhCwt8AAh_ANppPj0yBay0QJuVpY_FB3yAoIEXgMefcwH-JyJBDg7SvF411f6cfxyyKEvnxew&service=citations&flowName=GlifWebSignIn&flowEntry=ServiceLogin&dsh=S-1341193315%3A1747137682666630 "HTTP/1.1 200 OK"
2025-05-13 08:01:23,126 - INFO - Found 0 authors
2025-05-13 08:01:23,127 - INFO - No more author pages
2025-05-13 08:01:23,127 - ERROR - Author 'Pouria Rouzrokh' not found.
2025-05-13 08:01:23,127 - ERROR - An error occurred during author data fetching: Author 'Pouria Rouzrokh' not found.
Traceback (most recent call last):
  File "/Users/pouria/Documents/Coding/pouriarouzrokh.com/utils/scholarly_data_fetcher.py", line 42, in fetch_author_data
    raise ValueError(f"Author '{self.author_name}' not found.")
ValueError: Author 'Pouria Rouzrokh' not found.
2025-05-13 08:01:23,128 - ERROR - Configuration or Data Error: Author 'Pouria Rouzrokh' not found.
Python script executed successfully. Updating Git...
tab 1 of window id 18713
Git update process initiated. Check Terminal for results.
===== Job completed at Tue May 13 08:01:23 EDT 2025 =====
