===== Job started at Tue Jun  3 08:12:40 EDT 2025 =====
Running: uv run utils/scholarly_data_fetcher.py
2025-06-03 08:12:41,612 - INFO - Searching for author: Pouria Rouzrokh
2025-06-03 08:12:41,613 - INFO - Getting https://scholar.google.com/citations?hl=en&view_op=search_authors&mauthors=Pouria%20Rouzrokh
2025-06-03 08:12:43,240 - INFO - HTTP Request: GET https://scholar.google.com/citations?hl=en&view_op=search_authors&mauthors=Pouria%20Rouzrokh "HTTP/1.1 302 Found"
2025-06-03 08:12:43,399 - INFO - HTTP Request: GET https://accounts.google.com/Login?hl=en&continue=https://scholar.google.com/citations%3Fhl%3Den%26view_op%3Dsearch_authors%26mauthors%3DPouria%2520Rouzrokh&service=citations "HTTP/1.1 302 Found"
2025-06-03 08:12:43,464 - INFO - HTTP Request: GET https://accounts.google.com/InteractiveLogin?continue=https://scholar.google.com/citations?hl%3Den%26view_op%3Dsearch_authors%26mauthors%3DPouria%2520Rouzrokh&hl=en&service=citations&ifkv=AdBytiPvTRnsm09XO9BxfFExfUYtWG9_hpRBnSGQwMQEimkKleeAANOsLvFR8wJIy81-HZy4QGkAfQ "HTTP/1.1 302 Moved Temporarily"
2025-06-03 08:12:43,559 - INFO - HTTP Request: GET https://accounts.google.com/v3/signin/identifier?continue=https%3A%2F%2Fscholar.google.com%2Fcitations%3Fhl%3Den%26view_op%3Dsearch_authors%26mauthors%3DPouria%2520Rouzrokh&hl=en&ifkv=AdBytiOO9FZXRMquSSxZvnH7LQlsJjA-c0_BWLCMa2E10oyi9ivDAqDEbXPeqHiSiYVdIVM6Do8tAw&service=citations&flowName=GlifWebSignIn&flowEntry=ServiceLogin&dsh=S2015779047%3A1748952763462589 "HTTP/1.1 200 OK"
2025-06-03 08:12:43,687 - INFO - Found 0 authors
2025-06-03 08:12:43,688 - INFO - No more author pages
2025-06-03 08:12:43,688 - ERROR - Author 'Pouria Rouzrokh' not found.
2025-06-03 08:12:43,688 - ERROR - An error occurred during author data fetching: Author 'Pouria Rouzrokh' not found.
Traceback (most recent call last):
  File "/Users/pouria/Documents/Coding/pouriarouzrokh.com/utils/scholarly_data_fetcher.py", line 42, in fetch_author_data
    raise ValueError(f"Author '{self.author_name}' not found.")
ValueError: Author 'Pouria Rouzrokh' not found.
2025-06-03 08:12:43,690 - ERROR - Configuration or Data Error: Author 'Pouria Rouzrokh' not found.
Python script executed successfully. Updating Git...
tab 1 of window id 18939
Git update process initiated. Check Terminal for results.
===== Job completed at Tue Jun  3 08:12:44 EDT 2025 =====
