===== Job started at Tue May 13 08:13:50 EDT 2025 =====
Running: uv run utils/scholarly_data_fetcher.py
2025-05-13 08:13:50,423 - INFO - Searching for author: Pouria Rouzrokh
2025-05-13 08:13:50,423 - INFO - Getting https://scholar.google.com/citations?hl=en&view_op=search_authors&mauthors=Pouria%20Rouzrokh
2025-05-13 08:13:52,015 - INFO - HTTP Request: GET https://scholar.google.com/citations?hl=en&view_op=search_authors&mauthors=Pouria%20Rouzrokh "HTTP/1.1 302 Found"
2025-05-13 08:13:52,343 - INFO - HTTP Request: GET https://accounts.google.com/Login?hl=en&continue=https://scholar.google.com/citations%3Fhl%3Den%26view_op%3Dsearch_authors%26mauthors%3DPouria%2520Rouzrokh&service=citations "HTTP/1.1 302 Found"
2025-05-13 08:13:52,411 - INFO - HTTP Request: GET https://accounts.google.com/InteractiveLogin?continue=https://scholar.google.com/citations?hl%3Den%26view_op%3Dsearch_authors%26mauthors%3DPouria%2520Rouzrokh&hl=en&service=citations&ifkv=ASKV5MjSE-djuRo6PZzVTJvstZWIdyEUjVwcntimoC9Fr7QLYK2ds7n7GUkaywBU_1VXbCWAaHaidg "HTTP/1.1 302 Moved Temporarily"
2025-05-13 08:13:52,513 - INFO - HTTP Request: GET https://accounts.google.com/v3/signin/identifier?continue=https%3A%2F%2Fscholar.google.com%2Fcitations%3Fhl%3Den%26view_op%3Dsearch_authors%26mauthors%3DPouria%2520Rouzrokh&hl=en&ifkv=ASKV5Miv7GlvtnMRqxD4dFUedfkUz-jeikZYq8y-0rLcLR4DWcqhxLDNfVGc3bbhBgv-nMRAEaSE0Q&service=citations&flowName=GlifWebSignIn&flowEntry=ServiceLogin&dsh=S-1910872938%3A1747138432472431 "HTTP/1.1 200 OK"
2025-05-13 08:13:52,801 - INFO - Found 0 authors
2025-05-13 08:13:52,802 - INFO - No more author pages
2025-05-13 08:13:52,802 - ERROR - Author 'Pouria Rouzrokh' not found.
2025-05-13 08:13:52,802 - ERROR - An error occurred during author data fetching: Author 'Pouria Rouzrokh' not found.
Traceback (most recent call last):
  File "/Users/pouria/Documents/Coding/pouriarouzrokh.com/utils/scholarly_data_fetcher.py", line 42, in fetch_author_data
    raise ValueError(f"Author '{self.author_name}' not found.")
ValueError: Author 'Pouria Rouzrokh' not found.
2025-05-13 08:13:52,803 - ERROR - Configuration or Data Error: Author 'Pouria Rouzrokh' not found.
Python script executed successfully. Updating Git...
tab 1 of window id 18896
Git update process initiated. Check Terminal for results.
===== Job completed at Tue May 13 08:13:53 EDT 2025 =====
