===== Job started at Tue May  6 08:00:42 EDT 2025 =====
Running: uv run utils/scholarly_data_fetcher.py
2025-05-06 08:00:43,459 - INFO - Searching for author: Pouria Rouzrokh
2025-05-06 08:00:43,459 - INFO - Getting https://scholar.google.com/citations?hl=en&view_op=search_authors&mauthors=Pouria%20Rouzrokh
2025-05-06 08:00:44,798 - INFO - Exception ConnectError while fetching page: ('[Errno 8] nodename nor servname provided, or not known',)
2025-05-06 08:00:44,798 - INFO - Retrying with a new session.
2025-05-06 08:00:46,112 - INFO - Exception ConnectError while fetching page: ('[Errno 8] nodename nor servname provided, or not known',)
2025-05-06 08:00:46,113 - INFO - Retrying with a new session.
2025-05-06 08:17:45,771 - INFO - Exception ConnectError while fetching page: ('[Errno 8] nodename nor servname provided, or not known',)
2025-05-06 08:17:45,771 - INFO - Retrying with a new session.
2025-05-06 08:17:47,107 - INFO - Exception ConnectError while fetching page: ('[Errno 8] nodename nor servname provided, or not known',)
2025-05-06 08:17:47,108 - INFO - Retrying with a new session.
2025-05-06 08:17:48,384 - INFO - Exception ConnectError while fetching page: ('[Errno 8] nodename nor servname provided, or not known',)
2025-05-06 08:17:48,384 - INFO - Retrying with a new session.
2025-05-06 08:17:48,437 - INFO - Getting https://scholar.google.com/citations?hl=en&view_op=search_authors&mauthors=Pouria%20Rouzrokh
2025-05-06 08:17:50,426 - INFO - Exception ConnectError while fetching page: ('[Errno 8] nodename nor servname provided, or not known',)
2025-05-06 08:17:50,426 - INFO - Retrying with a new session.
2025-05-06 08:24:01,371 - INFO - Exception ConnectError while fetching page: ('[Errno 8] nodename nor servname provided, or not known',)
2025-05-06 08:24:01,372 - INFO - Retrying with a new session.
2025-05-06 08:24:02,790 - INFO - Exception ConnectError while fetching page: ('[Errno 8] nodename nor servname provided, or not known',)
2025-05-06 08:24:02,790 - INFO - Retrying with a new session.
2025-05-06 08:24:04,261 - INFO - Exception ConnectError while fetching page: ('[Errno 8] nodename nor servname provided, or not known',)
2025-05-06 08:24:04,262 - INFO - Retrying with a new session.
2025-05-06 08:24:06,095 - INFO - Exception ConnectError while fetching page: ('[Errno 8] nodename nor servname provided, or not known',)
2025-05-06 08:24:06,095 - INFO - Retrying with a new session.
2025-05-06 08:24:06,149 - ERROR - An error occurred during author data fetching: Cannot Fetch from Google Scholar.
Traceback (most recent call last):
  File "/Users/pouria/Documents/Coding/pouriarouzrokh.com/utils/scholarly_data_fetcher.py", line 39, in fetch_author_data
    first_result = next(search_query, None)
                   ^^^^^^^^^^^^^^^^^^^^^^^^
  File "/Users/pouria/Documents/Coding/pouriarouzrokh.com/.venv/lib/python3.12/site-packages/scholarly/_navigator.py", line 250, in search_authors
    soup = self._get_soup(url)
           ^^^^^^^^^^^^^^^^^^^
  File "/Users/pouria/Documents/Coding/pouriarouzrokh.com/.venv/lib/python3.12/site-packages/scholarly/_navigator.py", line 239, in _get_soup
    html = self._get_page('https://scholar.google.com{0}'.format(url))
           ^^^^^^^^^^^^^^^^^^^^^^^^^^^^^^^^^^^^^^^^^^^^^^^^^^^^^^^^^^^
  File "/Users/pouria/Documents/Coding/pouriarouzrokh.com/.venv/lib/python3.12/site-packages/scholarly/_navigator.py", line 188, in _get_page
    return self._get_page(pagerequest, True)
           ^^^^^^^^^^^^^^^^^^^^^^^^^^^^^^^^^
  File "/Users/pouria/Documents/Coding/pouriarouzrokh.com/.venv/lib/python3.12/site-packages/scholarly/_navigator.py", line 190, in _get_page
    raise MaxTriesExceededException("Cannot Fetch from Google Scholar.")
scholarly._proxy_generator.MaxTriesExceededException: Cannot Fetch from Google Scholar.
2025-05-06 08:24:06,151 - ERROR - An unexpected error occurred: Cannot Fetch from Google Scholar.
Traceback (most recent call last):
  File "/Users/pouria/Documents/Coding/pouriarouzrokh.com/utils/scholarly_data_fetcher.py", line 386, in main
    fetcher.fetch_author_data()
  File "/Users/pouria/Documents/Coding/pouriarouzrokh.com/utils/scholarly_data_fetcher.py", line 39, in fetch_author_data
    first_result = next(search_query, None)
                   ^^^^^^^^^^^^^^^^^^^^^^^^
  File "/Users/pouria/Documents/Coding/pouriarouzrokh.com/.venv/lib/python3.12/site-packages/scholarly/_navigator.py", line 250, in search_authors
    soup = self._get_soup(url)
           ^^^^^^^^^^^^^^^^^^^
  File "/Users/pouria/Documents/Coding/pouriarouzrokh.com/.venv/lib/python3.12/site-packages/scholarly/_navigator.py", line 239, in _get_soup
    html = self._get_page('https://scholar.google.com{0}'.format(url))
           ^^^^^^^^^^^^^^^^^^^^^^^^^^^^^^^^^^^^^^^^^^^^^^^^^^^^^^^^^^^
  File "/Users/pouria/Documents/Coding/pouriarouzrokh.com/.venv/lib/python3.12/site-packages/scholarly/_navigator.py", line 188, in _get_page
    return self._get_page(pagerequest, True)
           ^^^^^^^^^^^^^^^^^^^^^^^^^^^^^^^^^
  File "/Users/pouria/Documents/Coding/pouriarouzrokh.com/.venv/lib/python3.12/site-packages/scholarly/_navigator.py", line 190, in _get_page
    raise MaxTriesExceededException("Cannot Fetch from Google Scholar.")
scholarly._proxy_generator.MaxTriesExceededException: Cannot Fetch from Google Scholar.
Python script executed successfully. Updating Git...
tab 1 of window id 3523
Git update process initiated. Check Terminal for results.
===== Job completed at Tue May  6 08:24:06 EDT 2025 =====
